<?xml version="1.0" encoding="UTF-8"?>
<!-- Generated by org.testng.reporters.JUnitXMLReporter -->
<testsuite ignored="0" hostname="LAPTOP-EKHVOIMF" failures="0" tests="9" name="Test" time="95.92" errors="0" timestamp="2023-12-01T21:23:37 IST">
  <testcase classname="scripts.To_Varify_that_User_Ragister_with_Valid_Data" name="tc3" time="5.389"/>
  <testcase classname="scripts.ToVerifyThatEuroIsSelectedInDropdown" name="tc" time="4.871"/>
  <testcase classname="scripts.ToVerifyAlertPopUpDuringSearchOperation" name="tc9" time="0.298"/>
  <testcase classname="scripts.ToVerifyThatloginPageIsDisplayed" name="tc2" time="1.062"/>
  <testcase classname="scripts.ToVerifyThatRaisterPageIsDisplayed" name="tc1" time="0.884"/>
  <testcase classname="scripts.UserSearchaProductInWelcomePage" name="tc08" time="1.506"/>
  <testcase classname="scripts.ToVerifyThatUserAddProductToCart" name="tc6" time="5.119"/>
  <testcase classname="scripts.To_Verify_The_Customer_login_with_ValidData" name="tc4" time="2.959"/>
  <testcase classname="scripts.ToVerifyThatUserAddProductToWishlist" name="tc5" time="4.168"/>
</testsuite> <!-- Test -->
