<?xml version="1.0" encoding="UTF-8"?>
<testng-results ignored="0" total="9" passed="9" failed="0" skipped="0">
  <reporter-output>
  </reporter-output>
  <suite started-at="2023-12-01T21:22:01 IST" name="Suite" finished-at="2023-12-01T21:23:37 IST" duration-ms="95920">
    <groups>
    </groups>
    <test started-at="2023-12-01T21:22:01 IST" name="Test" finished-at="2023-12-01T21:23:37 IST" duration-ms="95920">
      <class name="scripts.To_Verify_The_Customer_login_with_ValidData">
        <test-method is-config="true" signature="openApp()[pri:0, instance:scripts.To_Verify_The_Customer_login_with_ValidData@306e95ec]" started-at="2023-12-01T21:23:12 IST" name="openApp" finished-at="2023-12-01T21:23:20 IST" duration-ms="7884" status="PASS">
          <reporter-output>
          </reporter-output>
        </test-method> <!-- openApp -->
        <test-method signature="tc4()[pri:0, instance:scripts.To_Verify_The_Customer_login_with_ValidData@306e95ec]" started-at="2023-12-01T21:23:20 IST" name="tc4" finished-at="2023-12-01T21:23:23 IST" duration-ms="2959" status="PASS">
          <reporter-output>
          </reporter-output>
        </test-method> <!-- tc4 -->
        <test-method is-config="true" signature="closeApp(org.testng.ITestResult)[pri:0, instance:scripts.To_Verify_The_Customer_login_with_ValidData@306e95ec]" started-at="2023-12-01T21:23:23 IST" name="closeApp" finished-at="2023-12-01T21:23:27 IST" duration-ms="3528" status="PASS">
          <params>
            <param index="0">
              <value>
                <![CDATA[[TestResult name=tc4 status=SUCCESS method=To_Verify_The_Customer_login_with_ValidData.tc4()[pri:0, instance:scripts.To_Verify_The_Customer_login_with_ValidData@306e95ec] output={null}]]]>
              </value>
            </param>
          </params>
          <reporter-output>
          </reporter-output>
        </test-method> <!-- closeApp -->
      </class> <!-- scripts.To_Verify_The_Customer_login_with_ValidData -->
      <class name="scripts.ToVerifyAlertPopUpDuringSearchOperation">
        <test-method is-config="true" signature="openApp()[pri:0, instance:scripts.ToVerifyAlertPopUpDuringSearchOperation@21e360a]" started-at="2023-12-01T21:22:29 IST" name="openApp" finished-at="2023-12-01T21:22:33 IST" duration-ms="3577" status="PASS">
          <reporter-output>
          </reporter-output>
        </test-method> <!-- openApp -->
        <test-method signature="tc9()[pri:0, instance:scripts.ToVerifyAlertPopUpDuringSearchOperation@21e360a]" started-at="2023-12-01T21:22:33 IST" name="tc9" finished-at="2023-12-01T21:22:33 IST" duration-ms="298" status="PASS">
          <reporter-output>
          </reporter-output>
        </test-method> <!-- tc9 -->
        <test-method is-config="true" signature="closeApp(org.testng.ITestResult)[pri:0, instance:scripts.ToVerifyAlertPopUpDuringSearchOperation@21e360a]" started-at="2023-12-01T21:22:33 IST" name="closeApp" finished-at="2023-12-01T21:22:36 IST" duration-ms="3410" status="PASS">
          <params>
            <param index="0">
              <value>
                <![CDATA[[TestResult name=tc9 status=SUCCESS method=ToVerifyAlertPopUpDuringSearchOperation.tc9()[pri:0, instance:scripts.ToVerifyAlertPopUpDuringSearchOperation@21e360a] output={null}]]]>
              </value>
            </param>
          </params>
          <reporter-output>
          </reporter-output>
        </test-method> <!-- closeApp -->
      </class> <!-- scripts.ToVerifyAlertPopUpDuringSearchOperation -->
      <class name="scripts.ToVerifyThatEuroIsSelectedInDropdown">
        <test-method is-config="true" signature="openApp()[pri:0, instance:scripts.ToVerifyThatEuroIsSelectedInDropdown@7bd4937b]" started-at="2023-12-01T21:22:16 IST" name="openApp" finished-at="2023-12-01T21:22:21 IST" duration-ms="4435" status="PASS">
          <reporter-output>
          </reporter-output>
        </test-method> <!-- openApp -->
        <test-method signature="tc()[pri:0, instance:scripts.ToVerifyThatEuroIsSelectedInDropdown@7bd4937b]" started-at="2023-12-01T21:22:21 IST" name="tc" finished-at="2023-12-01T21:22:25 IST" duration-ms="4871" status="PASS">
          <reporter-output>
          </reporter-output>
        </test-method> <!-- tc -->
        <test-method is-config="true" signature="closeApp(org.testng.ITestResult)[pri:0, instance:scripts.ToVerifyThatEuroIsSelectedInDropdown@7bd4937b]" started-at="2023-12-01T21:22:25 IST" name="closeApp" finished-at="2023-12-01T21:22:29 IST" duration-ms="3468" status="PASS">
          <params>
            <param index="0">
              <value>
                <![CDATA[[TestResult name=tc status=SUCCESS method=ToVerifyThatEuroIsSelectedInDropdown.tc()[pri:0, instance:scripts.ToVerifyThatEuroIsSelectedInDropdown@7bd4937b] output={null}]]]>
              </value>
            </param>
          </params>
          <reporter-output>
          </reporter-output>
        </test-method> <!-- closeApp -->
      </class> <!-- scripts.ToVerifyThatEuroIsSelectedInDropdown -->
      <class name="scripts.ToVerifyThatUserAddProductToCart">
        <test-method is-config="true" signature="openApp()[pri:0, instance:scripts.ToVerifyThatUserAddProductToCart@741a8937]" started-at="2023-12-01T21:23:00 IST" name="openApp" finished-at="2023-12-01T21:23:04 IST" duration-ms="3503" status="PASS">
          <reporter-output>
          </reporter-output>
        </test-method> <!-- openApp -->
        <test-method signature="tc6()[pri:0, instance:scripts.ToVerifyThatUserAddProductToCart@741a8937]" started-at="2023-12-01T21:23:04 IST" name="tc6" finished-at="2023-12-01T21:23:09 IST" duration-ms="5119" status="PASS">
          <reporter-output>
          </reporter-output>
        </test-method> <!-- tc6 -->
        <test-method is-config="true" signature="closeApp(org.testng.ITestResult)[pri:0, instance:scripts.ToVerifyThatUserAddProductToCart@741a8937]" started-at="2023-12-01T21:23:09 IST" name="closeApp" finished-at="2023-12-01T21:23:12 IST" duration-ms="3420" status="PASS">
          <params>
            <param index="0">
              <value>
                <![CDATA[[TestResult name=tc6 status=SUCCESS method=ToVerifyThatUserAddProductToCart.tc6()[pri:0, instance:scripts.ToVerifyThatUserAddProductToCart@741a8937] output={null}]]]>
              </value>
            </param>
          </params>
          <reporter-output>
          </reporter-output>
        </test-method> <!-- closeApp -->
      </class> <!-- scripts.ToVerifyThatUserAddProductToCart -->
      <class name="scripts.ToVerifyThatUserAddProductToWishlist">
        <test-method is-config="true" signature="openApp()[pri:0, instance:scripts.ToVerifyThatUserAddProductToWishlist@52af26ee]" started-at="2023-12-01T21:23:27 IST" name="openApp" finished-at="2023-12-01T21:23:29 IST" duration-ms="2743" status="PASS">
          <reporter-output>
          </reporter-output>
        </test-method> <!-- openApp -->
        <test-method signature="tc5()[pri:0, instance:scripts.ToVerifyThatUserAddProductToWishlist@52af26ee]" started-at="2023-12-01T21:23:29 IST" name="tc5" finished-at="2023-12-01T21:23:34 IST" duration-ms="4168" status="PASS">
          <reporter-output>
          </reporter-output>
        </test-method> <!-- tc5 -->
        <test-method is-config="true" signature="closeApp(org.testng.ITestResult)[pri:0, instance:scripts.ToVerifyThatUserAddProductToWishlist@52af26ee]" started-at="2023-12-01T21:23:34 IST" name="closeApp" finished-at="2023-12-01T21:23:37 IST" duration-ms="3396" status="PASS">
          <params>
            <param index="0">
              <value>
                <![CDATA[[TestResult name=tc5 status=SUCCESS method=ToVerifyThatUserAddProductToWishlist.tc5()[pri:0, instance:scripts.ToVerifyThatUserAddProductToWishlist@52af26ee] output={null}]]]>
              </value>
            </param>
          </params>
          <reporter-output>
          </reporter-output>
        </test-method> <!-- closeApp -->
      </class> <!-- scripts.ToVerifyThatUserAddProductToWishlist -->
      <class name="scripts.To_Varify_that_User_Ragister_with_Valid_Data">
        <test-method is-config="true" signature="openApp()[pri:0, instance:scripts.To_Varify_that_User_Ragister_with_Valid_Data@32b260fa]" started-at="2023-12-01T21:22:01 IST" name="openApp" finished-at="2023-12-01T21:22:07 IST" duration-ms="6169" status="PASS">
          <reporter-output>
          </reporter-output>
        </test-method> <!-- openApp -->
        <test-method signature="tc3()[pri:0, instance:scripts.To_Varify_that_User_Ragister_with_Valid_Data@32b260fa]" started-at="2023-12-01T21:22:07 IST" name="tc3" finished-at="2023-12-01T21:22:13 IST" duration-ms="5389" status="PASS">
          <reporter-output>
          </reporter-output>
        </test-method> <!-- tc3 -->
        <test-method is-config="true" signature="closeApp(org.testng.ITestResult)[pri:0, instance:scripts.To_Varify_that_User_Ragister_with_Valid_Data@32b260fa]" started-at="2023-12-01T21:22:13 IST" name="closeApp" finished-at="2023-12-01T21:22:16 IST" duration-ms="3513" status="PASS">
          <params>
            <param index="0">
              <value>
                <![CDATA[[TestResult name=tc3 status=SUCCESS method=To_Varify_that_User_Ragister_with_Valid_Data.tc3()[pri:0, instance:scripts.To_Varify_that_User_Ragister_with_Valid_Data@32b260fa] output={null}]]]>
              </value>
            </param>
          </params>
          <reporter-output>
          </reporter-output>
        </test-method> <!-- closeApp -->
      </class> <!-- scripts.To_Varify_that_User_Ragister_with_Valid_Data -->
      <class name="scripts.ToVerifyThatRaisterPageIsDisplayed">
        <test-method is-config="true" signature="openApp()[pri:0, instance:scripts.ToVerifyThatRaisterPageIsDisplayed@58d75e99]" started-at="2023-12-01T21:22:45 IST" name="openApp" finished-at="2023-12-01T21:22:48 IST" duration-ms="3090" status="PASS">
          <reporter-output>
          </reporter-output>
        </test-method> <!-- openApp -->
        <test-method signature="tc1()[pri:0, instance:scripts.ToVerifyThatRaisterPageIsDisplayed@58d75e99]" started-at="2023-12-01T21:22:48 IST" name="tc1" finished-at="2023-12-01T21:22:49 IST" duration-ms="884" status="PASS">
          <reporter-output>
          </reporter-output>
        </test-method> <!-- tc1 -->
        <test-method is-config="true" signature="closeApp(org.testng.ITestResult)[pri:0, instance:scripts.ToVerifyThatRaisterPageIsDisplayed@58d75e99]" started-at="2023-12-01T21:22:49 IST" name="closeApp" finished-at="2023-12-01T21:22:52 IST" duration-ms="3443" status="PASS">
          <params>
            <param index="0">
              <value>
                <![CDATA[[TestResult name=tc1 status=SUCCESS method=ToVerifyThatRaisterPageIsDisplayed.tc1()[pri:0, instance:scripts.ToVerifyThatRaisterPageIsDisplayed@58d75e99] output={null}]]]>
              </value>
            </param>
          </params>
          <reporter-output>
          </reporter-output>
        </test-method> <!-- closeApp -->
      </class> <!-- scripts.ToVerifyThatRaisterPageIsDisplayed -->
      <class name="scripts.UserSearchaProductInWelcomePage">
        <test-method is-config="true" signature="openApp()[pri:0, instance:scripts.UserSearchaProductInWelcomePage@74751b3]" started-at="2023-12-01T21:22:52 IST" name="openApp" finished-at="2023-12-01T21:22:55 IST" duration-ms="3017" status="PASS">
          <reporter-output>
          </reporter-output>
        </test-method> <!-- openApp -->
        <test-method signature="tc08()[pri:0, instance:scripts.UserSearchaProductInWelcomePage@74751b3]" started-at="2023-12-01T21:22:55 IST" name="tc08" finished-at="2023-12-01T21:22:57 IST" duration-ms="1506" status="PASS">
          <reporter-output>
          </reporter-output>
        </test-method> <!-- tc08 -->
        <test-method is-config="true" signature="closeApp(org.testng.ITestResult)[pri:0, instance:scripts.UserSearchaProductInWelcomePage@74751b3]" started-at="2023-12-01T21:22:57 IST" name="closeApp" finished-at="2023-12-01T21:23:00 IST" duration-ms="3516" status="PASS">
          <params>
            <param index="0">
              <value>
                <![CDATA[[TestResult name=tc08 status=SUCCESS method=UserSearchaProductInWelcomePage.tc08()[pri:0, instance:scripts.UserSearchaProductInWelcomePage@74751b3] output={null}]]]>
              </value>
            </param>
          </params>
          <reporter-output>
          </reporter-output>
        </test-method> <!-- closeApp -->
      </class> <!-- scripts.UserSearchaProductInWelcomePage -->
      <class name="scripts.ToVerifyThatloginPageIsDisplayed">
        <test-method is-config="true" signature="openApp()[pri:0, instance:scripts.ToVerifyThatloginPageIsDisplayed@5ba3f27a]" started-at="2023-12-01T21:22:36 IST" name="openApp" finished-at="2023-12-01T21:22:40 IST" duration-ms="3933" status="PASS">
          <reporter-output>
          </reporter-output>
        </test-method> <!-- openApp -->
        <test-method signature="tc2()[pri:0, instance:scripts.ToVerifyThatloginPageIsDisplayed@5ba3f27a]" started-at="2023-12-01T21:22:40 IST" name="tc2" finished-at="2023-12-01T21:22:41 IST" duration-ms="1062" status="PASS">
          <reporter-output>
          </reporter-output>
        </test-method> <!-- tc2 -->
        <test-method is-config="true" signature="closeApp(org.testng.ITestResult)[pri:0, instance:scripts.ToVerifyThatloginPageIsDisplayed@5ba3f27a]" started-at="2023-12-01T21:22:41 IST" name="closeApp" finished-at="2023-12-01T21:22:45 IST" duration-ms="3536" status="PASS">
          <params>
            <param index="0">
              <value>
                <![CDATA[[TestResult name=tc2 status=SUCCESS method=ToVerifyThatloginPageIsDisplayed.tc2()[pri:0, instance:scripts.ToVerifyThatloginPageIsDisplayed@5ba3f27a] output={null}]]]>
              </value>
            </param>
          </params>
          <reporter-output>
          </reporter-output>
        </test-method> <!-- closeApp -->
      </class> <!-- scripts.ToVerifyThatloginPageIsDisplayed -->
    </test> <!-- Test -->
  </suite> <!-- Suite -->
</testng-results>
