<?xml version="1.0" encoding="UTF-8"?>
<testng-results ignored="0" total="1" passed="1" failed="0" skipped="0">
  <reporter-output>
  </reporter-output>
  <suite started-at="2023-11-28T22:23:19 IST" name="Default suite" finished-at="2023-11-28T22:23:35 IST" duration-ms="15735">
    <groups>
    </groups>
    <test started-at="2023-11-28T22:23:19 IST" name="Default test" finished-at="2023-11-28T22:23:35 IST" duration-ms="15735">
      <class name="scripts.ToVerifyThatUserAddProductToWishlist">
        <test-method is-config="true" signature="openApp()[pri:0, instance:scripts.ToVerifyThatUserAddProductToWishlist@759d26fb]" started-at="2023-11-28T22:23:19 IST" name="openApp" finished-at="2023-11-28T22:23:22 IST" duration-ms="3188" status="PASS">
          <reporter-output>
          </reporter-output>
        </test-method> <!-- openApp -->
        <test-method signature="tc5()[pri:0, instance:scripts.ToVerifyThatUserAddProductToWishlist@759d26fb]" started-at="2023-11-28T22:23:22 IST" name="tc5" finished-at="2023-11-28T22:23:25 IST" duration-ms="2276" status="PASS">
          <reporter-output>
          </reporter-output>
        </test-method> <!-- tc5 -->
        <test-method is-config="true" signature="closeApp()[pri:0, instance:scripts.ToVerifyThatUserAddProductToWishlist@759d26fb]" started-at="2023-11-28T22:23:25 IST" name="closeApp" finished-at="2023-11-28T22:23:35 IST" duration-ms="10239" status="PASS">
          <reporter-output>
          </reporter-output>
        </test-method> <!-- closeApp -->
      </class> <!-- scripts.ToVerifyThatUserAddProductToWishlist -->
    </test> <!-- Default test -->
  </suite> <!-- Default suite -->
</testng-results>
